<?xml version="1.0" encoding="UTF-8"?>
<!-- Generated by org.testng.reporters.JUnitReportReporter -->
<testsuite hostname="Padmavathys-MacBook-Air.local" failures="0" tests="3" name="testCases.TC_LoginTestDDT_2" time="37.001" errors="0" timestamp="2026-03-30T14:58:46 CDT" skipped="0">
  <testcase classname="testCases.TC_LoginTestDDT_2" name="LoginTest" time="15.430"/>
  <testcase classname="testCases.TC_LoginTestDDT_2" name="LoginTest" time="6.107"/>
  <testcase classname="testCases.TC_LoginTestDDT_2" name="LoginTest" time="15.464"/>
</testsuite> <!-- testCases.TC_LoginTestDDT_2 -->
