<?xml version="1.0" encoding="UTF-8"?>
<!-- Generated by org.testng.reporters.JUnitXMLReporter -->
<testsuite ignored="0" hostname="Padmavathys-MacBook-Air.local" failures="0" tests="1" name="EdgeTest" time="13.036" errors="0" timestamp="2026-03-10T10:48:23 CDT">
  <testcase classname="testBase.BasePage" name="@AfterClass tearDown" time="0.32">
    <failure type="org.openqa.selenium.NoSuchSessionException" message="Build info: version: &amp;apos;4.14.0&amp;apos;, revision: &amp;apos;e5a96349ce&amp;apos;
System info: os.name: &amp;apos;Mac OS X&amp;apos;, os.arch: &amp;apos;aarch64&amp;apos;, os.version: &amp;apos;14.6&amp;apos;, java.version: &amp;apos;23.0.1&amp;apos;
Driver info: org.openqa.selenium.safari.SafariDriver
Command: [23B86AB8-FF91-45EF-BD0F-B3EC97D3D1CB, quit {}]
Capabilities {acceptInsecureCerts: false, browserName: Safari, browserVersion: 17.6, platformName: mac, safari:automaticInspection: false, safari:automaticProfiling: false, safari:diagnose: false, safari:platformBuildVersion: 23G80, safari:platformVersion: 14.6, safari:useSimulator: false, setWindowRect: true, strictFileInteractability: false, webkit:WebRTC: {DisableICECandidateFiltering: false, DisableInsecureMediaCapture: false}}
Session ID: 23B86AB8-FF91-45EF-BD0F-B3EC97D3D1CB">
      <![CDATA[org.openqa.selenium.NoSuchSessionException: Build info: version: '4.14.0', revision: 'e5a96349ce'
System info: os.name: 'Mac OS X', os.arch: 'aarch64', os.version: '14.6', java.version: '23.0.1'
Driver info: org.openqa.selenium.safari.SafariDriver
Command: [23B86AB8-FF91-45EF-BD0F-B3EC97D3D1CB, quit {}]
Capabilities {acceptInsecureCerts: false, browserName: Safari, browserVersion: 17.6, platformName: mac, safari:automaticInspection: false, safari:automaticProfiling: false, safari:diagnose: false, safari:platformBuildVersion: 23G80, safari:platformVersion: 14.6, safari:useSimulator: false, setWindowRect: true, strictFileInteractability: false, webkit:WebRTC: {DisableICECandidateFiltering: false, DisableInsecureMediaCapture: false}}
Session ID: 23B86AB8-FF91-45EF-BD0F-B3EC97D3D1CB
at org.openqa.selenium.remote.codec.w3c.W3CHttpResponseCodec.createException(W3CHttpResponseCodec.java:200)
at org.openqa.selenium.remote.codec.w3c.W3CHttpResponseCodec.decode(W3CHttpResponseCodec.java:133)
at org.openqa.selenium.remote.codec.w3c.W3CHttpResponseCodec.decode(W3CHttpResponseCodec.java:52)
at org.openqa.selenium.remote.HttpCommandExecutor.execute(HttpCommandExecutor.java:191)
at org.openqa.selenium.remote.service.DriverCommandExecutor.invokeExecute(DriverCommandExecutor.java:196)
at org.openqa.selenium.remote.service.DriverCommandExecutor.lambda$execute$1(DriverCommandExecutor.java:128)
at java.base/java.util.concurrent.CompletableFuture$AsyncSupply.run(CompletableFuture.java:1812)
at java.base/java.util.concurrent.ThreadPoolExecutor.runWorker(ThreadPoolExecutor.java:1144)
at java.base/java.util.concurrent.ThreadPoolExecutor$Worker.run(ThreadPoolExecutor.java:642)
at java.base/java.lang.Thread.run(Thread.java:1575)
... Removed 3 stack frames]]>
    </failure>
  </testcase> <!-- @AfterClass tearDown -->
  <testcase classname="testCases.TC_AccountRegistration_001" name="TC_AccountRegistration_001_1" time="9.512"/>
</testsuite> <!-- EdgeTest -->
