<?xml version="1.0" encoding="UTF-8"?>
<testng-results ignored="0" total="1" passed="1" failed="0" skipped="0">
  <reporter-output>
  </reporter-output>
  <suite started-at="2026-04-28T13:53:45 CDT" name="Suite" finished-at="2026-04-28T13:53:49 CDT" duration-ms="4501">
    <groups>
      <group name="Master">
        <method signature="TC_SearchProduct_001.TC_SearchProduct_001_1()[pri:0, instance:testCases.TC_SearchProduct_001@24313fcc]" name="TC_SearchProduct_001_1" class="testCases.TC_SearchProduct_001"/>
      </group> <!-- Master -->
      <group name="Functional">
        <method signature="TC_SearchProduct_001.TC_SearchProduct_001_1()[pri:0, instance:testCases.TC_SearchProduct_001@24313fcc]" name="TC_SearchProduct_001_1" class="testCases.TC_SearchProduct_001"/>
      </group> <!-- Functional -->
    </groups>
    <test started-at="2026-04-28T13:53:45 CDT" name="Test" finished-at="2026-04-28T13:53:49 CDT" duration-ms="4501">
      <class name="testCases.TC_SearchProduct_001">
        <test-method is-config="true" signature="setUp(java.lang.String,java.lang.String)[pri:0, instance:testCases.TC_SearchProduct_001@24313fcc]" started-at="2026-04-28T13:53:45 CDT" name="setUp" finished-at="2026-04-28T13:53:49 CDT" duration-ms="3555" status="PASS">
          <params>
            <param index="0">
              <value>
                <![CDATA[macOS]]>
              </value>
            </param>
            <param index="1">
              <value>
                <![CDATA[chrome]]>
              </value>
            </param>
          </params>
          <reporter-output>
          </reporter-output>
        </test-method> <!-- setUp -->
        <test-method signature="TC_SearchProduct_001_1()[pri:0, instance:testCases.TC_SearchProduct_001@24313fcc]" started-at="2026-04-28T13:53:49 CDT" name="TC_SearchProduct_001_1" finished-at="2026-04-28T13:53:49 CDT" duration-ms="636" status="PASS">
          <reporter-output>
          </reporter-output>
        </test-method> <!-- TC_SearchProduct_001_1 -->
        <test-method is-config="true" signature="tearDown()[pri:0, instance:testCases.TC_SearchProduct_001@24313fcc]" started-at="2026-04-28T13:53:49 CDT" name="tearDown" finished-at="2026-04-28T13:53:49 CDT" duration-ms="112" status="PASS">
          <reporter-output>
          </reporter-output>
        </test-method> <!-- tearDown -->
      </class> <!-- testCases.TC_SearchProduct_001 -->
    </test> <!-- Test -->
  </suite> <!-- Suite -->
</testng-results>
